<?xml version="1.0" encoding="UTF-8"?>
<testsuite name="core.BinDaySpeechletTest" tests="1" skipped="0" failures="0" errors="0" timestamp="2018-01-20T20:51:58" hostname="robertio-PC" time="0.077">
  <properties/>
  <testcase name="testGetBinScheduleText" classname="core.BinDaySpeechletTest" time="0.077"/>
  <system-out><![CDATA[]]></system-out>
  <system-err><![CDATA[]]></system-err>
</testsuite>
